<?xml version="1.0" encoding="UTF-8"?>
<testng-results skipped="0" failed="0" total="1" passed="1">
  <reporter-output>
  </reporter-output>
  <suite name="Default suite" duration-ms="4593" started-at="2019-03-14T16:08:32Z" finished-at="2019-03-14T16:08:37Z">
    <groups>
    </groups>
    <test name="Default test" duration-ms="4593" started-at="2019-03-14T16:08:32Z" finished-at="2019-03-14T16:08:37Z">
      <class name="Scripts.Login">
        <test-method status="PASS" signature="setup()[pri:0, instance:Scripts.Login@29774679]" name="setup" is-config="true" duration-ms="12691" started-at="2019-03-14T21:38:20Z" finished-at="2019-03-14T21:38:32Z">
          <reporter-output>
          </reporter-output>
        </test-method> <!-- setup -->
        <test-method status="PASS" signature="testlogin()[pri:0, instance:Scripts.Login@29774679]" name="testlogin" duration-ms="4566" started-at="2019-03-14T21:38:32Z" finished-at="2019-03-14T21:38:37Z">
          <reporter-output>
          </reporter-output>
        </test-method> <!-- testlogin -->
      </class> <!-- Scripts.Login -->
    </test> <!-- Default test -->
  </suite> <!-- Default suite -->
</testng-results>
